CRITICAL - 2025-06-12 13:16:57 --> ErrorException: include(../nav/nav.php): Failed to open stream: No such file or directory
[Method: GET, Route: /]
in APPPATH\Views\index.php on line 1.
 1 APPPATH\Views\index.php(1): CodeIgniter\Debug\Exceptions->errorHandler(2, 'include(../nav/nav.php): Failed to open stream: No such file or directory', 'C:\\wamp64\\www\\citest\\app\\Views\\index.php', 1)
 2 APPPATH\Views\index.php(1): include()
 3 SYSTEMPATH\View\View.php(224): include('C:\\wamp64\\www\\citest\\app\\Views\\index.php')
 4 SYSTEMPATH\View\View.php(227): CodeIgniter\View\View->CodeIgniter\View\{closure}()
 5 SYSTEMPATH\Common.php(1173): CodeIgniter\View\View->render('index', [], true)
 6 APPPATH\Controllers\Home.php(9): view('index')
 7 SYSTEMPATH\CodeIgniter.php(933): App\Controllers\Home->index()
 8 SYSTEMPATH\CodeIgniter.php(507): CodeIgniter\CodeIgniter->runController(Object(App\Controllers\Home))
 9 SYSTEMPATH\CodeIgniter.php(354): CodeIgniter\CodeIgniter->handleRequest(null, Object(Config\Cache), false)
10 SYSTEMPATH\Boot.php(334): CodeIgniter\CodeIgniter->run()
11 SYSTEMPATH\Boot.php(67): CodeIgniter\Boot::runCodeIgniter(Object(CodeIgniter\CodeIgniter))
12 FCPATH\index.php(59): CodeIgniter\Boot::bootWeb(Object(Config\Paths))
13 SYSTEMPATH\rewrite.php(44): require_once('C:\\wamp64\\www\\citest\\public\\index.php')
CRITICAL - 2025-06-12 13:17:41 --> ErrorException: include(../nav/nav.php): Failed to open stream: No such file or directory
[Method: GET, Route: /]
in APPPATH\Views\index.php on line 1.
 1 APPPATH\Views\index.php(1): CodeIgniter\Debug\Exceptions->errorHandler(2, 'include(../nav/nav.php): Failed to open stream: No such file or directory', 'C:\\wamp64\\www\\citest\\app\\Views\\index.php', 1)
 2 APPPATH\Views\index.php(1): include()
 3 SYSTEMPATH\View\View.php(224): include('C:\\wamp64\\www\\citest\\app\\Views\\index.php')
 4 SYSTEMPATH\View\View.php(227): CodeIgniter\View\View->CodeIgniter\View\{closure}()
 5 SYSTEMPATH\Common.php(1173): CodeIgniter\View\View->render('index', [], true)
 6 APPPATH\Controllers\Home.php(9): view('index')
 7 SYSTEMPATH\CodeIgniter.php(933): App\Controllers\Home->index()
 8 SYSTEMPATH\CodeIgniter.php(507): CodeIgniter\CodeIgniter->runController(Object(App\Controllers\Home))
 9 SYSTEMPATH\CodeIgniter.php(354): CodeIgniter\CodeIgniter->handleRequest(null, Object(Config\Cache), false)
10 SYSTEMPATH\Boot.php(334): CodeIgniter\CodeIgniter->run()
11 SYSTEMPATH\Boot.php(67): CodeIgniter\Boot::runCodeIgniter(Object(CodeIgniter\CodeIgniter))
12 FCPATH\index.php(59): CodeIgniter\Boot::bootWeb(Object(Config\Paths))
13 SYSTEMPATH\rewrite.php(44): require_once('C:\\wamp64\\www\\citest\\public\\index.php')
CRITICAL - 2025-06-12 13:17:44 --> ErrorException: include(../nav/nav.php): Failed to open stream: No such file or directory
[Method: GET, Route: /]
in APPPATH\Views\index.php on line 1.
 1 APPPATH\Views\index.php(1): CodeIgniter\Debug\Exceptions->errorHandler(2, 'include(../nav/nav.php): Failed to open stream: No such file or directory', 'C:\\wamp64\\www\\citest\\app\\Views\\index.php', 1)
 2 APPPATH\Views\index.php(1): include()
 3 SYSTEMPATH\View\View.php(224): include('C:\\wamp64\\www\\citest\\app\\Views\\index.php')
 4 SYSTEMPATH\View\View.php(227): CodeIgniter\View\View->CodeIgniter\View\{closure}()
 5 SYSTEMPATH\Common.php(1173): CodeIgniter\View\View->render('index', [], true)
 6 APPPATH\Controllers\Home.php(9): view('index')
 7 SYSTEMPATH\CodeIgniter.php(933): App\Controllers\Home->index()
 8 SYSTEMPATH\CodeIgniter.php(507): CodeIgniter\CodeIgniter->runController(Object(App\Controllers\Home))
 9 SYSTEMPATH\CodeIgniter.php(354): CodeIgniter\CodeIgniter->handleRequest(null, Object(Config\Cache), false)
10 SYSTEMPATH\Boot.php(334): CodeIgniter\CodeIgniter->run()
11 SYSTEMPATH\Boot.php(67): CodeIgniter\Boot::runCodeIgniter(Object(CodeIgniter\CodeIgniter))
12 FCPATH\index.php(59): CodeIgniter\Boot::bootWeb(Object(Config\Paths))
13 SYSTEMPATH\rewrite.php(44): require_once('C:\\wamp64\\www\\citest\\public\\index.php')
CRITICAL - 2025-06-12 13:48:26 --> ErrorException: Cannot redeclare App\Controllers\Home::test()
[Method: GET, Route: /]
in APPPATH\Controllers\Home.php on line 21.
 1 [internal function]: CodeIgniter\Debug\Exceptions->shutdownHandler()
CRITICAL - 2025-06-12 14:44:37 --> CodeIgniter\View\Exceptions\ViewException: Invalid file: "../kpi/kpi1.php"
[Method: GET, Route: kpi]
in SYSTEMPATH\Exceptions\FrameworkException.php on line 39.
 1 SYSTEMPATH\View\View.php(212): CodeIgniter\Exceptions\FrameworkException::forInvalidFile('../kpi/kpi1.php')
 2 SYSTEMPATH\Common.php(1173): CodeIgniter\View\View->render('../kpi/kpi1', [], true)
 3 APPPATH\Controllers\Home.php(13): view('../kpi/kpi1')
 4 SYSTEMPATH\CodeIgniter.php(933): App\Controllers\Home->kpi()
 5 SYSTEMPATH\CodeIgniter.php(507): CodeIgniter\CodeIgniter->runController(Object(App\Controllers\Home))
 6 SYSTEMPATH\CodeIgniter.php(354): CodeIgniter\CodeIgniter->handleRequest(null, Object(Config\Cache), false)
 7 SYSTEMPATH\Boot.php(334): CodeIgniter\CodeIgniter->run()
 8 SYSTEMPATH\Boot.php(67): CodeIgniter\Boot::runCodeIgniter(Object(CodeIgniter\CodeIgniter))
 9 FCPATH\index.php(59): CodeIgniter\Boot::bootWeb(Object(Config\Paths))
10 SYSTEMPATH\rewrite.php(44): require_once('C:\\wamp64\\www\\citest\\public\\index.php')
CRITICAL - 2025-06-12 14:48:08 --> CodeIgniter\View\Exceptions\ViewException: Invalid file: "../kpi/kpi1.php"
[Method: GET, Route: kpi]
in SYSTEMPATH\Exceptions\FrameworkException.php on line 39.
 1 SYSTEMPATH\View\View.php(212): CodeIgniter\Exceptions\FrameworkException::forInvalidFile('../kpi/kpi1.php')
 2 SYSTEMPATH\Common.php(1173): CodeIgniter\View\View->render('../kpi/kpi1', [], true)
 3 APPPATH\Controllers\Home.php(13): view('../kpi/kpi1')
 4 SYSTEMPATH\CodeIgniter.php(933): App\Controllers\Home->kpi()
 5 SYSTEMPATH\CodeIgniter.php(507): CodeIgniter\CodeIgniter->runController(Object(App\Controllers\Home))
 6 SYSTEMPATH\CodeIgniter.php(354): CodeIgniter\CodeIgniter->handleRequest(null, Object(Config\Cache), false)
 7 SYSTEMPATH\Boot.php(334): CodeIgniter\CodeIgniter->run()
 8 SYSTEMPATH\Boot.php(67): CodeIgniter\Boot::runCodeIgniter(Object(CodeIgniter\CodeIgniter))
 9 FCPATH\index.php(59): CodeIgniter\Boot::bootWeb(Object(Config\Paths))
10 SYSTEMPATH\rewrite.php(44): require_once('C:\\wamp64\\www\\citest\\public\\index.php')
CRITICAL - 2025-06-12 14:50:23 --> CodeIgniter\View\Exceptions\ViewException: Invalid file: "../kpi/kpi1.php"
[Method: GET, Route: kpi]
in SYSTEMPATH\Exceptions\FrameworkException.php on line 39.
 1 SYSTEMPATH\View\View.php(212): CodeIgniter\Exceptions\FrameworkException::forInvalidFile('../kpi/kpi1.php')
 2 SYSTEMPATH\Common.php(1173): CodeIgniter\View\View->render('../kpi/kpi1', [], true)
 3 APPPATH\Controllers\Home.php(13): view('../kpi/kpi1')
 4 SYSTEMPATH\CodeIgniter.php(933): App\Controllers\Home->kpi()
 5 SYSTEMPATH\CodeIgniter.php(507): CodeIgniter\CodeIgniter->runController(Object(App\Controllers\Home))
 6 SYSTEMPATH\CodeIgniter.php(354): CodeIgniter\CodeIgniter->handleRequest(null, Object(Config\Cache), false)
 7 SYSTEMPATH\Boot.php(334): CodeIgniter\CodeIgniter->run()
 8 SYSTEMPATH\Boot.php(67): CodeIgniter\Boot::runCodeIgniter(Object(CodeIgniter\CodeIgniter))
 9 FCPATH\index.php(59): CodeIgniter\Boot::bootWeb(Object(Config\Paths))
10 SYSTEMPATH\rewrite.php(44): require_once('C:\\wamp64\\www\\citest\\public\\index.php')
CRITICAL - 2025-06-12 14:50:51 --> CodeIgniter\View\Exceptions\ViewException: Invalid file: "../kpi/kpi1.php"
[Method: GET, Route: kpi]
in SYSTEMPATH\Exceptions\FrameworkException.php on line 39.
 1 SYSTEMPATH\View\View.php(212): CodeIgniter\Exceptions\FrameworkException::forInvalidFile('../kpi/kpi1.php')
 2 SYSTEMPATH\Common.php(1173): CodeIgniter\View\View->render('../kpi/kpi1', [], true)
 3 APPPATH\Controllers\Home.php(13): view('../kpi/kpi1')
 4 SYSTEMPATH\CodeIgniter.php(933): App\Controllers\Home->kpi()
 5 SYSTEMPATH\CodeIgniter.php(507): CodeIgniter\CodeIgniter->runController(Object(App\Controllers\Home))
 6 SYSTEMPATH\CodeIgniter.php(354): CodeIgniter\CodeIgniter->handleRequest(null, Object(Config\Cache), false)
 7 SYSTEMPATH\Boot.php(334): CodeIgniter\CodeIgniter->run()
 8 SYSTEMPATH\Boot.php(67): CodeIgniter\Boot::runCodeIgniter(Object(CodeIgniter\CodeIgniter))
 9 FCPATH\index.php(59): CodeIgniter\Boot::bootWeb(Object(Config\Paths))
10 SYSTEMPATH\rewrite.php(44): require_once('C:\\wamp64\\www\\citest\\public\\index.php')
CRITICAL - 2025-06-12 14:51:06 --> CodeIgniter\View\Exceptions\ViewException: Invalid file: "../kpi/kpi1.php"
[Method: GET, Route: kpi]
in SYSTEMPATH\Exceptions\FrameworkException.php on line 39.
 1 SYSTEMPATH\View\View.php(212): CodeIgniter\Exceptions\FrameworkException::forInvalidFile('../kpi/kpi1.php')
 2 SYSTEMPATH\Common.php(1173): CodeIgniter\View\View->render('../kpi/kpi1', [], true)
 3 APPPATH\Controllers\Home.php(13): view('../kpi/kpi1')
 4 SYSTEMPATH\CodeIgniter.php(933): App\Controllers\Home->kpi()
 5 SYSTEMPATH\CodeIgniter.php(507): CodeIgniter\CodeIgniter->runController(Object(App\Controllers\Home))
 6 SYSTEMPATH\CodeIgniter.php(354): CodeIgniter\CodeIgniter->handleRequest(null, Object(Config\Cache), false)
 7 SYSTEMPATH\Boot.php(334): CodeIgniter\CodeIgniter->run()
 8 SYSTEMPATH\Boot.php(67): CodeIgniter\Boot::runCodeIgniter(Object(CodeIgniter\CodeIgniter))
 9 FCPATH\index.php(59): CodeIgniter\Boot::bootWeb(Object(Config\Paths))
10 SYSTEMPATH\rewrite.php(44): require_once('C:\\wamp64\\www\\citest\\public\\index.php')
CRITICAL - 2025-06-12 14:51:47 --> CodeIgniter\View\Exceptions\ViewException: Invalid file: "../kpi/kpi1.php"
[Method: GET, Route: kpi]
in SYSTEMPATH\Exceptions\FrameworkException.php on line 39.
 1 SYSTEMPATH\View\View.php(212): CodeIgniter\Exceptions\FrameworkException::forInvalidFile('../kpi/kpi1.php')
 2 SYSTEMPATH\Common.php(1173): CodeIgniter\View\View->render('../kpi/kpi1', [], true)
 3 APPPATH\Controllers\Home.php(13): view('../kpi/kpi1')
 4 SYSTEMPATH\CodeIgniter.php(933): App\Controllers\Home->kpi()
 5 SYSTEMPATH\CodeIgniter.php(507): CodeIgniter\CodeIgniter->runController(Object(App\Controllers\Home))
 6 SYSTEMPATH\CodeIgniter.php(354): CodeIgniter\CodeIgniter->handleRequest(null, Object(Config\Cache), false)
 7 SYSTEMPATH\Boot.php(334): CodeIgniter\CodeIgniter->run()
 8 SYSTEMPATH\Boot.php(67): CodeIgniter\Boot::runCodeIgniter(Object(CodeIgniter\CodeIgniter))
 9 FCPATH\index.php(59): CodeIgniter\Boot::bootWeb(Object(Config\Paths))
10 SYSTEMPATH\rewrite.php(44): require_once('C:\\wamp64\\www\\citest\\public\\index.php')
CRITICAL - 2025-06-12 14:51:56 --> CodeIgniter\View\Exceptions\ViewException: Invalid file: "../kpi/kpi1.php"
[Method: GET, Route: kpi]
in SYSTEMPATH\Exceptions\FrameworkException.php on line 39.
 1 SYSTEMPATH\View\View.php(212): CodeIgniter\Exceptions\FrameworkException::forInvalidFile('../kpi/kpi1.php')
 2 SYSTEMPATH\Common.php(1173): CodeIgniter\View\View->render('../kpi/kpi1', [], true)
 3 APPPATH\Controllers\Home.php(13): view('../kpi/kpi1')
 4 SYSTEMPATH\CodeIgniter.php(933): App\Controllers\Home->kpi()
 5 SYSTEMPATH\CodeIgniter.php(507): CodeIgniter\CodeIgniter->runController(Object(App\Controllers\Home))
 6 SYSTEMPATH\CodeIgniter.php(354): CodeIgniter\CodeIgniter->handleRequest(null, Object(Config\Cache), false)
 7 SYSTEMPATH\Boot.php(334): CodeIgniter\CodeIgniter->run()
 8 SYSTEMPATH\Boot.php(67): CodeIgniter\Boot::runCodeIgniter(Object(CodeIgniter\CodeIgniter))
 9 FCPATH\index.php(59): CodeIgniter\Boot::bootWeb(Object(Config\Paths))
10 SYSTEMPATH\rewrite.php(44): require_once('C:\\wamp64\\www\\citest\\public\\index.php')
CRITICAL - 2025-06-12 14:51:57 --> CodeIgniter\View\Exceptions\ViewException: Invalid file: "../kpi/kpi1.php"
[Method: GET, Route: kpi]
in SYSTEMPATH\Exceptions\FrameworkException.php on line 39.
 1 SYSTEMPATH\View\View.php(212): CodeIgniter\Exceptions\FrameworkException::forInvalidFile('../kpi/kpi1.php')
 2 SYSTEMPATH\Common.php(1173): CodeIgniter\View\View->render('../kpi/kpi1', [], true)
 3 APPPATH\Controllers\Home.php(13): view('../kpi/kpi1')
 4 SYSTEMPATH\CodeIgniter.php(933): App\Controllers\Home->kpi()
 5 SYSTEMPATH\CodeIgniter.php(507): CodeIgniter\CodeIgniter->runController(Object(App\Controllers\Home))
 6 SYSTEMPATH\CodeIgniter.php(354): CodeIgniter\CodeIgniter->handleRequest(null, Object(Config\Cache), false)
 7 SYSTEMPATH\Boot.php(334): CodeIgniter\CodeIgniter->run()
 8 SYSTEMPATH\Boot.php(67): CodeIgniter\Boot::runCodeIgniter(Object(CodeIgniter\CodeIgniter))
 9 FCPATH\index.php(59): CodeIgniter\Boot::bootWeb(Object(Config\Paths))
10 SYSTEMPATH\rewrite.php(44): require_once('C:\\wamp64\\www\\citest\\public\\index.php')
CRITICAL - 2025-06-12 14:52:02 --> CodeIgniter\View\Exceptions\ViewException: Invalid file: "../kpi/kpi1.php"
[Method: GET, Route: kpi]
in SYSTEMPATH\Exceptions\FrameworkException.php on line 39.
 1 SYSTEMPATH\View\View.php(212): CodeIgniter\Exceptions\FrameworkException::forInvalidFile('../kpi/kpi1.php')
 2 SYSTEMPATH\Common.php(1173): CodeIgniter\View\View->render('../kpi/kpi1', [], true)
 3 APPPATH\Controllers\Home.php(13): view('../kpi/kpi1')
 4 SYSTEMPATH\CodeIgniter.php(933): App\Controllers\Home->kpi()
 5 SYSTEMPATH\CodeIgniter.php(507): CodeIgniter\CodeIgniter->runController(Object(App\Controllers\Home))
 6 SYSTEMPATH\CodeIgniter.php(354): CodeIgniter\CodeIgniter->handleRequest(null, Object(Config\Cache), false)
 7 SYSTEMPATH\Boot.php(334): CodeIgniter\CodeIgniter->run()
 8 SYSTEMPATH\Boot.php(67): CodeIgniter\Boot::runCodeIgniter(Object(CodeIgniter\CodeIgniter))
 9 FCPATH\index.php(59): CodeIgniter\Boot::bootWeb(Object(Config\Paths))
10 SYSTEMPATH\rewrite.php(44): require_once('C:\\wamp64\\www\\citest\\public\\index.php')
CRITICAL - 2025-06-12 14:59:52 --> ErrorException: include(../nav/nav.php): Failed to open stream: No such file or directory
[Method: GET, Route: kpi/2]
in APPPATH\Views\kpi\kpi2.php on line 1.
 1 APPPATH\Views\kpi\kpi2.php(1): CodeIgniter\Debug\Exceptions->errorHandler(2, 'include(../nav/nav.php): Failed to open stream: No such file or directory', 'C:\\wamp64\\www\\citest\\app\\Views\\kpi\\kpi2.php', 1)
 2 APPPATH\Views\kpi\kpi2.php(1): include()
 3 SYSTEMPATH\View\View.php(224): include('C:\\wamp64\\www\\citest\\app\\Views\\kpi\\kpi2.php')
 4 SYSTEMPATH\View\View.php(227): CodeIgniter\View\View->CodeIgniter\View\{closure}()
 5 SYSTEMPATH\Common.php(1173): CodeIgniter\View\View->render('kpi/kpi2', [], true)
 6 APPPATH\Controllers\Home.php(14): view('kpi/kpi2')
 7 SYSTEMPATH\CodeIgniter.php(933): App\Controllers\Home->showKpi(2)
 8 SYSTEMPATH\CodeIgniter.php(507): CodeIgniter\CodeIgniter->runController(Object(App\Controllers\Home))
 9 SYSTEMPATH\CodeIgniter.php(354): CodeIgniter\CodeIgniter->handleRequest(null, Object(Config\Cache), false)
10 SYSTEMPATH\Boot.php(334): CodeIgniter\CodeIgniter->run()
11 SYSTEMPATH\Boot.php(67): CodeIgniter\Boot::runCodeIgniter(Object(CodeIgniter\CodeIgniter))
12 FCPATH\index.php(59): CodeIgniter\Boot::bootWeb(Object(Config\Paths))
13 SYSTEMPATH\rewrite.php(44): require_once('C:\\wamp64\\www\\citest\\public\\index.php')
CRITICAL - 2025-06-12 14:59:55 --> ErrorException: include(../nav/nav.php): Failed to open stream: No such file or directory
[Method: GET, Route: kpi/3]
in APPPATH\Views\kpi\kpi3.php on line 1.
 1 APPPATH\Views\kpi\kpi3.php(1): CodeIgniter\Debug\Exceptions->errorHandler(2, 'include(../nav/nav.php): Failed to open stream: No such file or directory', 'C:\\wamp64\\www\\citest\\app\\Views\\kpi\\kpi3.php', 1)
 2 APPPATH\Views\kpi\kpi3.php(1): include()
 3 SYSTEMPATH\View\View.php(224): include('C:\\wamp64\\www\\citest\\app\\Views\\kpi\\kpi3.php')
 4 SYSTEMPATH\View\View.php(227): CodeIgniter\View\View->CodeIgniter\View\{closure}()
 5 SYSTEMPATH\Common.php(1173): CodeIgniter\View\View->render('kpi/kpi3', [], true)
 6 APPPATH\Controllers\Home.php(14): view('kpi/kpi3')
 7 SYSTEMPATH\CodeIgniter.php(933): App\Controllers\Home->showKpi(3)
 8 SYSTEMPATH\CodeIgniter.php(507): CodeIgniter\CodeIgniter->runController(Object(App\Controllers\Home))
 9 SYSTEMPATH\CodeIgniter.php(354): CodeIgniter\CodeIgniter->handleRequest(null, Object(Config\Cache), false)
10 SYSTEMPATH\Boot.php(334): CodeIgniter\CodeIgniter->run()
11 SYSTEMPATH\Boot.php(67): CodeIgniter\Boot::runCodeIgniter(Object(CodeIgniter\CodeIgniter))
12 FCPATH\index.php(59): CodeIgniter\Boot::bootWeb(Object(Config\Paths))
13 SYSTEMPATH\rewrite.php(44): require_once('C:\\wamp64\\www\\citest\\public\\index.php')
CRITICAL - 2025-06-12 15:01:30 --> ErrorException: include(../nav/nav.php): Failed to open stream: No such file or directory
[Method: GET, Route: kpi/2]
in APPPATH\Views\kpi\kpi2.php on line 1.
 1 APPPATH\Views\kpi\kpi2.php(1): CodeIgniter\Debug\Exceptions->errorHandler(2, 'include(../nav/nav.php): Failed to open stream: No such file or directory', 'C:\\wamp64\\www\\citest\\app\\Views\\kpi\\kpi2.php', 1)
 2 APPPATH\Views\kpi\kpi2.php(1): include()
 3 SYSTEMPATH\View\View.php(224): include('C:\\wamp64\\www\\citest\\app\\Views\\kpi\\kpi2.php')
 4 SYSTEMPATH\View\View.php(227): CodeIgniter\View\View->CodeIgniter\View\{closure}()
 5 SYSTEMPATH\Common.php(1173): CodeIgniter\View\View->render('kpi/kpi2', [], true)
 6 APPPATH\Controllers\Home.php(14): view('kpi/kpi2')
 7 SYSTEMPATH\CodeIgniter.php(933): App\Controllers\Home->showKpi(2)
 8 SYSTEMPATH\CodeIgniter.php(507): CodeIgniter\CodeIgniter->runController(Object(App\Controllers\Home))
 9 SYSTEMPATH\CodeIgniter.php(354): CodeIgniter\CodeIgniter->handleRequest(null, Object(Config\Cache), false)
10 SYSTEMPATH\Boot.php(334): CodeIgniter\CodeIgniter->run()
11 SYSTEMPATH\Boot.php(67): CodeIgniter\Boot::runCodeIgniter(Object(CodeIgniter\CodeIgniter))
12 FCPATH\index.php(59): CodeIgniter\Boot::bootWeb(Object(Config\Paths))
13 SYSTEMPATH\rewrite.php(44): require_once('C:\\wamp64\\www\\citest\\public\\index.php')
CRITICAL - 2025-06-12 15:01:34 --> ErrorException: include(../nav/nav.php): Failed to open stream: No such file or directory
[Method: GET, Route: kpi/3]
in APPPATH\Views\kpi\kpi3.php on line 1.
 1 APPPATH\Views\kpi\kpi3.php(1): CodeIgniter\Debug\Exceptions->errorHandler(2, 'include(../nav/nav.php): Failed to open stream: No such file or directory', 'C:\\wamp64\\www\\citest\\app\\Views\\kpi\\kpi3.php', 1)
 2 APPPATH\Views\kpi\kpi3.php(1): include()
 3 SYSTEMPATH\View\View.php(224): include('C:\\wamp64\\www\\citest\\app\\Views\\kpi\\kpi3.php')
 4 SYSTEMPATH\View\View.php(227): CodeIgniter\View\View->CodeIgniter\View\{closure}()
 5 SYSTEMPATH\Common.php(1173): CodeIgniter\View\View->render('kpi/kpi3', [], true)
 6 APPPATH\Controllers\Home.php(14): view('kpi/kpi3')
 7 SYSTEMPATH\CodeIgniter.php(933): App\Controllers\Home->showKpi(3)
 8 SYSTEMPATH\CodeIgniter.php(507): CodeIgniter\CodeIgniter->runController(Object(App\Controllers\Home))
 9 SYSTEMPATH\CodeIgniter.php(354): CodeIgniter\CodeIgniter->handleRequest(null, Object(Config\Cache), false)
10 SYSTEMPATH\Boot.php(334): CodeIgniter\CodeIgniter->run()
11 SYSTEMPATH\Boot.php(67): CodeIgniter\Boot::runCodeIgniter(Object(CodeIgniter\CodeIgniter))
12 FCPATH\index.php(59): CodeIgniter\Boot::bootWeb(Object(Config\Paths))
13 SYSTEMPATH\rewrite.php(44): require_once('C:\\wamp64\\www\\citest\\public\\index.php')
CRITICAL - 2025-06-12 15:03:40 --> ErrorException: include(../nav/nav.php): Failed to open stream: No such file or directory
[Method: GET, Route: kpi/2]
in APPPATH\Views\kpi\kpi2.php on line 1.
 1 APPPATH\Views\kpi\kpi2.php(1): CodeIgniter\Debug\Exceptions->errorHandler(2, 'include(../nav/nav.php): Failed to open stream: No such file or directory', 'C:\\wamp64\\www\\citest\\app\\Views\\kpi\\kpi2.php', 1)
 2 APPPATH\Views\kpi\kpi2.php(1): include()
 3 SYSTEMPATH\View\View.php(224): include('C:\\wamp64\\www\\citest\\app\\Views\\kpi\\kpi2.php')
 4 SYSTEMPATH\View\View.php(227): CodeIgniter\View\View->CodeIgniter\View\{closure}()
 5 SYSTEMPATH\Common.php(1173): CodeIgniter\View\View->render('kpi/kpi2', [], true)
 6 APPPATH\Controllers\Home.php(14): view('kpi/kpi2')
 7 SYSTEMPATH\CodeIgniter.php(933): App\Controllers\Home->showKpi(2)
 8 SYSTEMPATH\CodeIgniter.php(507): CodeIgniter\CodeIgniter->runController(Object(App\Controllers\Home))
 9 SYSTEMPATH\CodeIgniter.php(354): CodeIgniter\CodeIgniter->handleRequest(null, Object(Config\Cache), false)
10 SYSTEMPATH\Boot.php(334): CodeIgniter\CodeIgniter->run()
11 SYSTEMPATH\Boot.php(67): CodeIgniter\Boot::runCodeIgniter(Object(CodeIgniter\CodeIgniter))
12 FCPATH\index.php(59): CodeIgniter\Boot::bootWeb(Object(Config\Paths))
13 SYSTEMPATH\rewrite.php(44): require_once('C:\\wamp64\\www\\citest\\public\\index.php')
CRITICAL - 2025-06-12 15:04:02 --> TypeError: App\Controllers\Home::showKpi(): Argument #1 ($id) must be of type int, string given, called in C:\wamp64\www\citest\system\CodeIgniter.php on line 933
[Method: GET, Route: kpi/1]
in APPPATH\Controllers\Home.php on line 12.
 1 SYSTEMPATH\CodeIgniter.php(933): App\Controllers\Home->showKpi('$num')
 2 SYSTEMPATH\CodeIgniter.php(507): CodeIgniter\CodeIgniter->runController(Object(App\Controllers\Home))
 3 SYSTEMPATH\CodeIgniter.php(354): CodeIgniter\CodeIgniter->handleRequest(null, Object(Config\Cache), false)
 4 SYSTEMPATH\Boot.php(334): CodeIgniter\CodeIgniter->run()
 5 SYSTEMPATH\Boot.php(67): CodeIgniter\Boot::runCodeIgniter(Object(CodeIgniter\CodeIgniter))
 6 FCPATH\index.php(59): CodeIgniter\Boot::bootWeb(Object(Config\Paths))
 7 SYSTEMPATH\rewrite.php(44): require_once('C:\\wamp64\\www\\citest\\public\\index.php')
CRITICAL - 2025-06-12 15:04:11 --> TypeError: App\Controllers\Home::showKpi(): Argument #1 ($id) must be of type int, string given, called in C:\wamp64\www\citest\system\CodeIgniter.php on line 933
[Method: GET, Route: kpi/1]
in APPPATH\Controllers\Home.php on line 12.
 1 SYSTEMPATH\CodeIgniter.php(933): App\Controllers\Home->showKpi('')
 2 SYSTEMPATH\CodeIgniter.php(507): CodeIgniter\CodeIgniter->runController(Object(App\Controllers\Home))
 3 SYSTEMPATH\CodeIgniter.php(354): CodeIgniter\CodeIgniter->handleRequest(null, Object(Config\Cache), false)
 4 SYSTEMPATH\Boot.php(334): CodeIgniter\CodeIgniter->run()
 5 SYSTEMPATH\Boot.php(67): CodeIgniter\Boot::runCodeIgniter(Object(CodeIgniter\CodeIgniter))
 6 FCPATH\index.php(59): CodeIgniter\Boot::bootWeb(Object(Config\Paths))
 7 SYSTEMPATH\rewrite.php(44): require_once('C:\\wamp64\\www\\citest\\public\\index.php')
CRITICAL - 2025-06-12 15:04:14 --> TypeError: App\Controllers\Home::showKpi(): Argument #1 ($id) must be of type int, string given, called in C:\wamp64\www\citest\system\CodeIgniter.php on line 933
[Method: GET, Route: kpi/2]
in APPPATH\Controllers\Home.php on line 12.
 1 SYSTEMPATH\CodeIgniter.php(933): App\Controllers\Home->showKpi('')
 2 SYSTEMPATH\CodeIgniter.php(507): CodeIgniter\CodeIgniter->runController(Object(App\Controllers\Home))
 3 SYSTEMPATH\CodeIgniter.php(354): CodeIgniter\CodeIgniter->handleRequest(null, Object(Config\Cache), false)
 4 SYSTEMPATH\Boot.php(334): CodeIgniter\CodeIgniter->run()
 5 SYSTEMPATH\Boot.php(67): CodeIgniter\Boot::runCodeIgniter(Object(CodeIgniter\CodeIgniter))
 6 FCPATH\index.php(59): CodeIgniter\Boot::bootWeb(Object(Config\Paths))
 7 SYSTEMPATH\rewrite.php(44): require_once('C:\\wamp64\\www\\citest\\public\\index.php')
CRITICAL - 2025-06-12 15:05:17 --> ErrorException: include(../nav/nav.php): Failed to open stream: No such file or directory
[Method: GET, Route: kpi/2]
in APPPATH\Views\kpi\kpi2.php on line 1.
 1 APPPATH\Views\kpi\kpi2.php(1): CodeIgniter\Debug\Exceptions->errorHandler(2, 'include(../nav/nav.php): Failed to open stream: No such file or directory', 'C:\\wamp64\\www\\citest\\app\\Views\\kpi\\kpi2.php', 1)
 2 APPPATH\Views\kpi\kpi2.php(1): include()
 3 SYSTEMPATH\View\View.php(224): include('C:\\wamp64\\www\\citest\\app\\Views\\kpi\\kpi2.php')
 4 SYSTEMPATH\View\View.php(227): CodeIgniter\View\View->CodeIgniter\View\{closure}()
 5 SYSTEMPATH\Common.php(1173): CodeIgniter\View\View->render('kpi/kpi2', [], true)
 6 APPPATH\Controllers\Home.php(14): view('kpi/kpi2')
 7 SYSTEMPATH\CodeIgniter.php(933): App\Controllers\Home->showKpi(2)
 8 SYSTEMPATH\CodeIgniter.php(507): CodeIgniter\CodeIgniter->runController(Object(App\Controllers\Home))
 9 SYSTEMPATH\CodeIgniter.php(354): CodeIgniter\CodeIgniter->handleRequest(null, Object(Config\Cache), false)
10 SYSTEMPATH\Boot.php(334): CodeIgniter\CodeIgniter->run()
11 SYSTEMPATH\Boot.php(67): CodeIgniter\Boot::runCodeIgniter(Object(CodeIgniter\CodeIgniter))
12 FCPATH\index.php(59): CodeIgniter\Boot::bootWeb(Object(Config\Paths))
13 SYSTEMPATH\rewrite.php(44): require_once('C:\\wamp64\\www\\citest\\public\\index.php')
